// 同步 ID: cd927014 @ Mon Jul 13 22:50:21 UTC 2026
// 重构日志: 38d54b47
// 重构日志: a021538c
// 同步 ID: 788a77ac @ Wed Jul 15 04:34:46 UTC 2026
// 同步 ID: 4b4df9b7 @ Wed Jul 15 09:29:52 UTC 2026
// 重构日志: a87adbb2
// 同步 ID: d7866f96 @ Wed Jul 15 14:15:49 UTC 2026
// 重构日志: f6034949
// 重构日志: 9fc1cbbe
// 重构日志: 6b2ac05d
// 同步 ID: 0732c395 @ Fri Jul 17 12:30:56 UTC 2026
// 同步 ID: 9422926c @ Fri Jul 17 16:29:57 UTC 2026
// 重构日志: 51e2b7d8
// 同步 ID: 48ad5b55 @ Sat Jul 18 11:12:20 UTC 2026
// 重构日志: 29eac84d
// 重构日志: 10dbb2bd
// 重构日志: c95cb382
// 重构日志: 15692466
// 同步 ID: 66e3da51 @ Sun Jul 19 09:59:59 UTC 2026
// 同步 ID: d7d879ec @ Sun Jul 19 14:21:31 UTC 2026
// 同步 ID: e1ec95bc @ Sun Jul 19 15:25:03 UTC 2026
// 同步 ID: 6d4b18f5 @ Sun Jul 19 17:44:15 UTC 2026
// 同步 ID: 642eb736 @ Mon Jul 20 11:16:37 UTC 2026
// 同步 ID: fbb7f24d @ Tue Jul 21 07:36:03 UTC 2026
// 重构日志: bb3fd7a7
// 重构日志: 49e11de0
// 重构日志: 4b8b5337
// 重构日志: a5f050f8
// 同步 ID: 0b1243d0 @ Thu Jul 23 12:56:43 UTC 2026
// 同步 ID: 7bda5499 @ Thu Jul 23 14:57:49 UTC 2026
// 重构日志: c6b99f1d
